<?xml version="1.0" encoding="UTF-8"?>
<testsuite xmlns:xsi="http://www.w3.org/2001/XMLSchema-instance" xsi:noNamespaceSchemaLocation="https://maven.apache.org/surefire/maven-surefire-plugin/xsd/surefire-test-report.xsd" name="com.spring.bohbohman.ApplicationTests" time="18.24" tests="1" errors="0" skipped="0" failures="0">
  <properties>
    <property name="gopherProxySet" value="false"/>
    <property name="awt.toolkit" value="sun.lwawt.macosx.LWCToolkit"/>
    <property name="file.encoding.pkg" value="sun.io"/>
    <property name="java.specification.version" value="1.8"/>
    <property name="sun.cpu.isalist" value=""/>
    <property name="sun.jnu.encoding" value="UTF-8"/>
    <property name="java.class.path" value="/Users/sqbj0042/school-system/project/target/test-classes:/Users/sqbj0042/school-system/project/target/classes:/Users/sqbj0042/scpServiceResource/org/springframework/boot/spring-boot-starter-data-jpa/2.1.1.RELEASE/spring-boot-starter-data-jpa-2.1.1.RELEASE.jar:/Users/sqbj0042/scpServiceResource/org/springframework/boot/spring-boot-starter-aop/2.1.1.RELEASE/spring-boot-starter-aop-2.1.1.RELEASE.jar:/Users/sqbj0042/scpServiceResource/org/springframework/spring-aop/5.1.3.RELEASE/spring-aop-5.1.3.RELEASE.jar:/Users/sqbj0042/scpServiceResource/org/aspectj/aspectjweaver/1.9.2/aspectjweaver-1.9.2.jar:/Users/sqbj0042/scpServiceResource/org/springframework/boot/spring-boot-starter-jdbc/2.1.1.RELEASE/spring-boot-starter-jdbc-2.1.1.RELEASE.jar:/Users/sqbj0042/scpServiceResource/com/zaxxer/HikariCP/3.2.0/HikariCP-3.2.0.jar:/Users/sqbj0042/scpServiceResource/org/springframework/spring-jdbc/5.1.3.RELEASE/spring-jdbc-5.1.3.RELEASE.jar:/Users/sqbj0042/scpServiceResource/javax/transaction/javax.transaction-api/1.3/javax.transaction-api-1.3.jar:/Users/sqbj0042/scpServiceResource/javax/xml/bind/jaxb-api/2.3.1/jaxb-api-2.3.1.jar:/Users/sqbj0042/scpServiceResource/javax/activation/javax.activation-api/1.2.0/javax.activation-api-1.2.0.jar:/Users/sqbj0042/scpServiceResource/org/hibernate/hibernate-core/5.3.7.Final/hibernate-core-5.3.7.Final.jar:/Users/sqbj0042/scpServiceResource/org/jboss/logging/jboss-logging/3.3.2.Final/jboss-logging-3.3.2.Final.jar:/Users/sqbj0042/scpServiceResource/javax/persistence/javax.persistence-api/2.2/javax.persistence-api-2.2.jar:/Users/sqbj0042/scpServiceResource/org/javassist/javassist/3.23.1-GA/javassist-3.23.1-GA.jar:/Users/sqbj0042/scpServiceResource/net/bytebuddy/byte-buddy/1.9.5/byte-buddy-1.9.5.jar:/Users/sqbj0042/scpServiceResource/antlr/antlr/2.7.7/antlr-2.7.7.jar:/Users/sqbj0042/scpServiceResource/org/jboss/jandex/2.0.5.Final/jandex-2.0.5.Final.jar:/Users/sqbj0042/scpServiceResource/com/fasterxml/classmate/1.4.0/classmate-1.4.0.jar:/Users/sqbj0042/scpServiceResource/org/dom4j/dom4j/2.1.1/dom4j-2.1.1.jar:/Users/sqbj0042/scpServiceResource/org/hibernate/common/hibernate-commons-annotations/5.0.4.Final/hibernate-commons-annotations-5.0.4.Final.jar:/Users/sqbj0042/scpServiceResource/org/springframework/data/spring-data-jpa/2.1.3.RELEASE/spring-data-jpa-2.1.3.RELEASE.jar:/Users/sqbj0042/scpServiceResource/org/springframework/data/spring-data-commons/2.1.3.RELEASE/spring-data-commons-2.1.3.RELEASE.jar:/Users/sqbj0042/scpServiceResource/org/springframework/spring-orm/5.1.3.RELEASE/spring-orm-5.1.3.RELEASE.jar:/Users/sqbj0042/scpServiceResource/org/springframework/spring-context/5.1.3.RELEASE/spring-context-5.1.3.RELEASE.jar:/Users/sqbj0042/scpServiceResource/org/springframework/spring-tx/5.1.3.RELEASE/spring-tx-5.1.3.RELEASE.jar:/Users/sqbj0042/scpServiceResource/org/springframework/spring-beans/5.1.3.RELEASE/spring-beans-5.1.3.RELEASE.jar:/Users/sqbj0042/scpServiceResource/org/springframework/spring-aspects/5.1.3.RELEASE/spring-aspects-5.1.3.RELEASE.jar:/Users/sqbj0042/scpServiceResource/org/springframework/boot/spring-boot-starter-thymeleaf/2.1.1.RELEASE/spring-boot-starter-thymeleaf-2.1.1.RELEASE.jar:/Users/sqbj0042/scpServiceResource/org/springframework/boot/spring-boot-starter/2.1.1.RELEASE/spring-boot-starter-2.1.1.RELEASE.jar:/Users/sqbj0042/scpServiceResource/org/springframework/boot/spring-boot/2.1.1.RELEASE/spring-boot-2.1.1.RELEASE.jar:/Users/sqbj0042/scpServiceResource/org/springframework/boot/spring-boot-autoconfigure/2.1.1.RELEASE/spring-boot-autoconfigure-2.1.1.RELEASE.jar:/Users/sqbj0042/scpServiceResource/org/springframework/boot/spring-boot-starter-logging/2.1.1.RELEASE/spring-boot-starter-logging-2.1.1.RELEASE.jar:/Users/sqbj0042/scpServiceResource/ch/qos/logback/logback-classic/1.2.3/logback-classic-1.2.3.jar:/Users/sqbj0042/scpServiceResource/ch/qos/logback/logback-core/1.2.3/logback-core-1.2.3.jar:/Users/sqbj0042/scpServiceResource/org/apache/logging/log4j/log4j-to-slf4j/2.11.1/log4j-to-slf4j-2.11.1.jar:/Users/sqbj0042/scpServiceResource/org/apache/logging/log4j/log4j-api/2.11.1/log4j-api-2.11.1.jar:/Users/sqbj0042/scpServiceResource/org/slf4j/jul-to-slf4j/1.7.25/jul-to-slf4j-1.7.25.jar:/Users/sqbj0042/scpServiceResource/javax/annotation/javax.annotation-api/1.3.2/javax.annotation-api-1.3.2.jar:/Users/sqbj0042/scpServiceResource/org/yaml/snakeyaml/1.23/snakeyaml-1.23.jar:/Users/sqbj0042/scpServiceResource/org/thymeleaf/thymeleaf-spring5/3.0.11.RELEASE/thymeleaf-spring5-3.0.11.RELEASE.jar:/Users/sqbj0042/scpServiceResource/org/thymeleaf/thymeleaf/3.0.11.RELEASE/thymeleaf-3.0.11.RELEASE.jar:/Users/sqbj0042/scpServiceResource/org/attoparser/attoparser/2.0.5.RELEASE/attoparser-2.0.5.RELEASE.jar:/Users/sqbj0042/scpServiceResource/org/unbescape/unbescape/1.1.6.RELEASE/unbescape-1.1.6.RELEASE.jar:/Users/sqbj0042/scpServiceResource/org/thymeleaf/extras/thymeleaf-extras-java8time/3.0.2.RELEASE/thymeleaf-extras-java8time-3.0.2.RELEASE.jar:/Users/sqbj0042/scpServiceResource/org/springframework/boot/spring-boot-starter-web/2.1.1.RELEASE/spring-boot-starter-web-2.1.1.RELEASE.jar:/Users/sqbj0042/scpServiceResource/org/springframework/boot/spring-boot-starter-json/2.1.1.RELEASE/spring-boot-starter-json-2.1.1.RELEASE.jar:/Users/sqbj0042/scpServiceResource/com/fasterxml/jackson/core/jackson-databind/2.9.7/jackson-databind-2.9.7.jar:/Users/sqbj0042/scpServiceResource/com/fasterxml/jackson/core/jackson-annotations/2.9.0/jackson-annotations-2.9.0.jar:/Users/sqbj0042/scpServiceResource/com/fasterxml/jackson/core/jackson-core/2.9.7/jackson-core-2.9.7.jar:/Users/sqbj0042/scpServiceResource/com/fasterxml/jackson/datatype/jackson-datatype-jdk8/2.9.7/jackson-datatype-jdk8-2.9.7.jar:/Users/sqbj0042/scpServiceResource/com/fasterxml/jackson/datatype/jackson-datatype-jsr310/2.9.7/jackson-datatype-jsr310-2.9.7.jar:/Users/sqbj0042/scpServiceResource/com/fasterxml/jackson/module/jackson-module-parameter-names/2.9.7/jackson-module-parameter-names-2.9.7.jar:/Users/sqbj0042/scpServiceResource/org/springframework/boot/spring-boot-starter-tomcat/2.1.1.RELEASE/spring-boot-starter-tomcat-2.1.1.RELEASE.jar:/Users/sqbj0042/scpServiceResource/org/apache/tomcat/embed/tomcat-embed-core/9.0.13/tomcat-embed-core-9.0.13.jar:/Users/sqbj0042/scpServiceResource/org/apache/tomcat/embed/tomcat-embed-el/9.0.13/tomcat-embed-el-9.0.13.jar:/Users/sqbj0042/scpServiceResource/org/apache/tomcat/embed/tomcat-embed-websocket/9.0.13/tomcat-embed-websocket-9.0.13.jar:/Users/sqbj0042/scpServiceResource/org/hibernate/validator/hibernate-validator/6.0.13.Final/hibernate-validator-6.0.13.Final.jar:/Users/sqbj0042/scpServiceResource/javax/validation/validation-api/2.0.1.Final/validation-api-2.0.1.Final.jar:/Users/sqbj0042/scpServiceResource/org/springframework/spring-web/5.1.3.RELEASE/spring-web-5.1.3.RELEASE.jar:/Users/sqbj0042/scpServiceResource/org/springframework/spring-webmvc/5.1.3.RELEASE/spring-webmvc-5.1.3.RELEASE.jar:/Users/sqbj0042/scpServiceResource/org/springframework/spring-expression/5.1.3.RELEASE/spring-expression-5.1.3.RELEASE.jar:/Users/sqbj0042/scpServiceResource/mysql/mysql-connector-java/8.0.13/mysql-connector-java-8.0.13.jar:/Users/sqbj0042/scpServiceResource/org/springframework/boot/spring-boot-starter-redis/1.3.2.RELEASE/spring-boot-starter-redis-1.3.2.RELEASE.jar:/Users/sqbj0042/scpServiceResource/org/springframework/data/spring-data-redis/2.1.3.RELEASE/spring-data-redis-2.1.3.RELEASE.jar:/Users/sqbj0042/scpServiceResource/org/springframework/data/spring-data-keyvalue/2.1.3.RELEASE/spring-data-keyvalue-2.1.3.RELEASE.jar:/Users/sqbj0042/scpServiceResource/org/springframework/spring-oxm/5.1.3.RELEASE/spring-oxm-5.1.3.RELEASE.jar:/Users/sqbj0042/scpServiceResource/org/springframework/spring-context-support/5.1.3.RELEASE/spring-context-support-5.1.3.RELEASE.jar:/Users/sqbj0042/scpServiceResource/redis/clients/jedis/2.9.0/jedis-2.9.0.jar:/Users/sqbj0042/scpServiceResource/org/apache/commons/commons-pool2/2.6.0/commons-pool2-2.6.0.jar:/Users/sqbj0042/scpServiceResource/com/querydsl/querydsl-jpa/4.2.1/querydsl-jpa-4.2.1.jar:/Users/sqbj0042/scpServiceResource/com/querydsl/querydsl-core/4.2.1/querydsl-core-4.2.1.jar:/Users/sqbj0042/scpServiceResource/com/mysema/commons/mysema-commons-lang/0.2.4/mysema-commons-lang-0.2.4.jar:/Users/sqbj0042/scpServiceResource/com/infradna/tool/bridge-method-annotation/1.13/bridge-method-annotation-1.13.jar:/Users/sqbj0042/scpServiceResource/javax/inject/javax.inject/1/javax.inject-1.jar:/Users/sqbj0042/scpServiceResource/org/slf4j/slf4j-api/1.7.25/slf4j-api-1.7.25.jar:/Users/sqbj0042/scpServiceResource/com/querydsl/querydsl-apt/4.2.1/querydsl-apt-4.2.1.jar:/Users/sqbj0042/scpServiceResource/com/querydsl/querydsl-codegen/4.2.1/querydsl-codegen-4.2.1.jar:/Users/sqbj0042/scpServiceResource/com/mysema/codegen/codegen/0.6.8/codegen-0.6.8.jar:/Users/sqbj0042/scpServiceResource/org/eclipse/jdt/core/compiler/ecj/4.3.1/ecj-4.3.1.jar:/Users/sqbj0042/scpServiceResource/org/reflections/reflections/0.9.9/reflections-0.9.9.jar:/Users/sqbj0042/scpServiceResource/com/google/code/findbugs/annotations/2.0.1/annotations-2.0.1.jar:/Users/sqbj0042/scpServiceResource/org/projectlombok/lombok/1.16.20/lombok-1.16.20.jar:/Users/sqbj0042/scpServiceResource/org/springframework/boot/spring-boot-starter-test/2.1.1.RELEASE/spring-boot-starter-test-2.1.1.RELEASE.jar:/Users/sqbj0042/scpServiceResource/org/springframework/boot/spring-boot-test/2.1.1.RELEASE/spring-boot-test-2.1.1.RELEASE.jar:/Users/sqbj0042/scpServiceResource/org/springframework/boot/spring-boot-test-autoconfigure/2.1.1.RELEASE/spring-boot-test-autoconfigure-2.1.1.RELEASE.jar:/Users/sqbj0042/scpServiceResource/com/jayway/jsonpath/json-path/2.4.0/json-path-2.4.0.jar:/Users/sqbj0042/scpServiceResource/net/minidev/json-smart/2.3/json-smart-2.3.jar:/Users/sqbj0042/scpServiceResource/net/minidev/accessors-smart/1.2/accessors-smart-1.2.jar:/Users/sqbj0042/scpServiceResource/org/ow2/asm/asm/5.0.4/asm-5.0.4.jar:/Users/sqbj0042/scpServiceResource/junit/junit/4.12/junit-4.12.jar:/Users/sqbj0042/scpServiceResource/org/assertj/assertj-core/3.11.1/assertj-core-3.11.1.jar:/Users/sqbj0042/scpServiceResource/org/mockito/mockito-core/2.23.4/mockito-core-2.23.4.jar:/Users/sqbj0042/scpServiceResource/net/bytebuddy/byte-buddy-agent/1.9.5/byte-buddy-agent-1.9.5.jar:/Users/sqbj0042/scpServiceResource/org/objenesis/objenesis/2.6/objenesis-2.6.jar:/Users/sqbj0042/scpServiceResource/org/hamcrest/hamcrest-core/1.3/hamcrest-core-1.3.jar:/Users/sqbj0042/scpServiceResource/org/hamcrest/hamcrest-library/1.3/hamcrest-library-1.3.jar:/Users/sqbj0042/scpServiceResource/org/skyscreamer/jsonassert/1.5.0/jsonassert-1.5.0.jar:/Users/sqbj0042/scpServiceResource/com/vaadin/external/google/android-json/0.0.20131108.vaadin1/android-json-0.0.20131108.vaadin1.jar:/Users/sqbj0042/scpServiceResource/org/springframework/spring-core/5.1.3.RELEASE/spring-core-5.1.3.RELEASE.jar:/Users/sqbj0042/scpServiceResource/org/springframework/spring-jcl/5.1.3.RELEASE/spring-jcl-5.1.3.RELEASE.jar:/Users/sqbj0042/scpServiceResource/org/springframework/spring-test/5.1.3.RELEASE/spring-test-5.1.3.RELEASE.jar:/Users/sqbj0042/scpServiceResource/org/xmlunit/xmlunit-core/2.6.2/xmlunit-core-2.6.2.jar:/Users/sqbj0042/scpServiceResource/commons-fileupload/commons-fileupload/1.3.1/commons-fileupload-1.3.1.jar:/Users/sqbj0042/scpServiceResource/commons-io/commons-io/2.2/commons-io-2.2.jar:/Users/sqbj0042/scpServiceResource/net/sf/dozer/dozer/5.5.1/dozer-5.5.1.jar:/Users/sqbj0042/scpServiceResource/commons-beanutils/commons-beanutils/1.9.1/commons-beanutils-1.9.1.jar:/Users/sqbj0042/scpServiceResource/commons-collections/commons-collections/3.2.1/commons-collections-3.2.1.jar:/Users/sqbj0042/scpServiceResource/org/apache/commons/commons-lang3/3.8.1/commons-lang3-3.8.1.jar:/Users/sqbj0042/scpServiceResource/org/slf4j/jcl-over-slf4j/1.7.25/jcl-over-slf4j-1.7.25.jar:/Users/sqbj0042/scpServiceResource/com/google/guava/guava/25.1-jre/guava-25.1-jre.jar:/Users/sqbj0042/scpServiceResource/com/google/code/findbugs/jsr305/3.0.2/jsr305-3.0.2.jar:/Users/sqbj0042/scpServiceResource/org/checkerframework/checker-qual/2.0.0/checker-qual-2.0.0.jar:/Users/sqbj0042/scpServiceResource/com/google/errorprone/error_prone_annotations/2.1.3/error_prone_annotations-2.1.3.jar:/Users/sqbj0042/scpServiceResource/com/google/j2objc/j2objc-annotations/1.1/j2objc-annotations-1.1.jar:/Users/sqbj0042/scpServiceResource/org/codehaus/mojo/animal-sniffer-annotations/1.14/animal-sniffer-annotations-1.14.jar:/Users/sqbj0042/scpServiceResource/org/apache/poi/poi-ooxml/3.9/poi-ooxml-3.9.jar:/Users/sqbj0042/scpServiceResource/org/apache/poi/poi/3.9/poi-3.9.jar:/Users/sqbj0042/scpServiceResource/commons-codec/commons-codec/1.11/commons-codec-1.11.jar:/Users/sqbj0042/scpServiceResource/org/apache/poi/poi-ooxml-schemas/3.9/poi-ooxml-schemas-3.9.jar:/Users/sqbj0042/scpServiceResource/org/apache/xmlbeans/xmlbeans/2.3.0/xmlbeans-2.3.0.jar:/Users/sqbj0042/scpServiceResource/stax/stax-api/1.0.1/stax-api-1.0.1.jar:/Users/sqbj0042/scpServiceResource/dom4j/dom4j/1.6.1/dom4j-1.6.1.jar:/Users/sqbj0042/scpServiceResource/xml-apis/xml-apis/1.4.01/xml-apis-1.4.01.jar:/Users/sqbj0042/scpServiceResource/com/alibaba/fastjson/1.2.13/fastjson-1.2.13.jar:/Users/sqbj0042/scpServiceResource/com/itextpdf/itextpdf/5.5.13/itextpdf-5.5.13.jar:/Users/sqbj0042/scpServiceResource/com/itextpdf/itext-asian/5.2.0/itext-asian-5.2.0.jar:"/>
    <property name="java.vm.vendor" value="Oracle Corporation"/>
    <property name="sun.arch.data.model" value="64"/>
    <property name="java.vendor.url" value="http://java.oracle.com/"/>
    <property name="user.timezone" value=""/>
    <property name="java.vm.specification.version" value="1.8"/>
    <property name="os.name" value="Mac OS X"/>
    <property name="user.country" value="CN"/>
    <property name="sun.java.launcher" value="SUN_STANDARD"/>
    <property name="sun.boot.library.path" value="/Library/Java/JavaVirtualMachines/jdk1.8.0_171.jdk/Contents/Home/jre/lib"/>
    <property name="sun.java.command" value="/Users/sqbj0042/school-system/project/target/surefire/surefirebooter2678956902856658676.jar /Users/sqbj0042/school-system/project/target/surefire 2019-01-09T12-05-52_438-jvmRun1 surefire211640706422554706tmp surefire_06443475367397146757tmp"/>
    <property name="http.nonProxyHosts" value="local|*.local|169.254/16|*.169.254/16"/>
    <property name="surefire.test.class.path" value="/Users/sqbj0042/school-system/project/target/test-classes:/Users/sqbj0042/school-system/project/target/classes:/Users/sqbj0042/scpServiceResource/org/springframework/boot/spring-boot-starter-data-jpa/2.1.1.RELEASE/spring-boot-starter-data-jpa-2.1.1.RELEASE.jar:/Users/sqbj0042/scpServiceResource/org/springframework/boot/spring-boot-starter-aop/2.1.1.RELEASE/spring-boot-starter-aop-2.1.1.RELEASE.jar:/Users/sqbj0042/scpServiceResource/org/springframework/spring-aop/5.1.3.RELEASE/spring-aop-5.1.3.RELEASE.jar:/Users/sqbj0042/scpServiceResource/org/aspectj/aspectjweaver/1.9.2/aspectjweaver-1.9.2.jar:/Users/sqbj0042/scpServiceResource/org/springframework/boot/spring-boot-starter-jdbc/2.1.1.RELEASE/spring-boot-starter-jdbc-2.1.1.RELEASE.jar:/Users/sqbj0042/scpServiceResource/com/zaxxer/HikariCP/3.2.0/HikariCP-3.2.0.jar:/Users/sqbj0042/scpServiceResource/org/springframework/spring-jdbc/5.1.3.RELEASE/spring-jdbc-5.1.3.RELEASE.jar:/Users/sqbj0042/scpServiceResource/javax/transaction/javax.transaction-api/1.3/javax.transaction-api-1.3.jar:/Users/sqbj0042/scpServiceResource/javax/xml/bind/jaxb-api/2.3.1/jaxb-api-2.3.1.jar:/Users/sqbj0042/scpServiceResource/javax/activation/javax.activation-api/1.2.0/javax.activation-api-1.2.0.jar:/Users/sqbj0042/scpServiceResource/org/hibernate/hibernate-core/5.3.7.Final/hibernate-core-5.3.7.Final.jar:/Users/sqbj0042/scpServiceResource/org/jboss/logging/jboss-logging/3.3.2.Final/jboss-logging-3.3.2.Final.jar:/Users/sqbj0042/scpServiceResource/javax/persistence/javax.persistence-api/2.2/javax.persistence-api-2.2.jar:/Users/sqbj0042/scpServiceResource/org/javassist/javassist/3.23.1-GA/javassist-3.23.1-GA.jar:/Users/sqbj0042/scpServiceResource/net/bytebuddy/byte-buddy/1.9.5/byte-buddy-1.9.5.jar:/Users/sqbj0042/scpServiceResource/antlr/antlr/2.7.7/antlr-2.7.7.jar:/Users/sqbj0042/scpServiceResource/org/jboss/jandex/2.0.5.Final/jandex-2.0.5.Final.jar:/Users/sqbj0042/scpServiceResource/com/fasterxml/classmate/1.4.0/classmate-1.4.0.jar:/Users/sqbj0042/scpServiceResource/org/dom4j/dom4j/2.1.1/dom4j-2.1.1.jar:/Users/sqbj0042/scpServiceResource/org/hibernate/common/hibernate-commons-annotations/5.0.4.Final/hibernate-commons-annotations-5.0.4.Final.jar:/Users/sqbj0042/scpServiceResource/org/springframework/data/spring-data-jpa/2.1.3.RELEASE/spring-data-jpa-2.1.3.RELEASE.jar:/Users/sqbj0042/scpServiceResource/org/springframework/data/spring-data-commons/2.1.3.RELEASE/spring-data-commons-2.1.3.RELEASE.jar:/Users/sqbj0042/scpServiceResource/org/springframework/spring-orm/5.1.3.RELEASE/spring-orm-5.1.3.RELEASE.jar:/Users/sqbj0042/scpServiceResource/org/springframework/spring-context/5.1.3.RELEASE/spring-context-5.1.3.RELEASE.jar:/Users/sqbj0042/scpServiceResource/org/springframework/spring-tx/5.1.3.RELEASE/spring-tx-5.1.3.RELEASE.jar:/Users/sqbj0042/scpServiceResource/org/springframework/spring-beans/5.1.3.RELEASE/spring-beans-5.1.3.RELEASE.jar:/Users/sqbj0042/scpServiceResource/org/springframework/spring-aspects/5.1.3.RELEASE/spring-aspects-5.1.3.RELEASE.jar:/Users/sqbj0042/scpServiceResource/org/springframework/boot/spring-boot-starter-thymeleaf/2.1.1.RELEASE/spring-boot-starter-thymeleaf-2.1.1.RELEASE.jar:/Users/sqbj0042/scpServiceResource/org/springframework/boot/spring-boot-starter/2.1.1.RELEASE/spring-boot-starter-2.1.1.RELEASE.jar:/Users/sqbj0042/scpServiceResource/org/springframework/boot/spring-boot/2.1.1.RELEASE/spring-boot-2.1.1.RELEASE.jar:/Users/sqbj0042/scpServiceResource/org/springframework/boot/spring-boot-autoconfigure/2.1.1.RELEASE/spring-boot-autoconfigure-2.1.1.RELEASE.jar:/Users/sqbj0042/scpServiceResource/org/springframework/boot/spring-boot-starter-logging/2.1.1.RELEASE/spring-boot-starter-logging-2.1.1.RELEASE.jar:/Users/sqbj0042/scpServiceResource/ch/qos/logback/logback-classic/1.2.3/logback-classic-1.2.3.jar:/Users/sqbj0042/scpServiceResource/ch/qos/logback/logback-core/1.2.3/logback-core-1.2.3.jar:/Users/sqbj0042/scpServiceResource/org/apache/logging/log4j/log4j-to-slf4j/2.11.1/log4j-to-slf4j-2.11.1.jar:/Users/sqbj0042/scpServiceResource/org/apache/logging/log4j/log4j-api/2.11.1/log4j-api-2.11.1.jar:/Users/sqbj0042/scpServiceResource/org/slf4j/jul-to-slf4j/1.7.25/jul-to-slf4j-1.7.25.jar:/Users/sqbj0042/scpServiceResource/javax/annotation/javax.annotation-api/1.3.2/javax.annotation-api-1.3.2.jar:/Users/sqbj0042/scpServiceResource/org/yaml/snakeyaml/1.23/snakeyaml-1.23.jar:/Users/sqbj0042/scpServiceResource/org/thymeleaf/thymeleaf-spring5/3.0.11.RELEASE/thymeleaf-spring5-3.0.11.RELEASE.jar:/Users/sqbj0042/scpServiceResource/org/thymeleaf/thymeleaf/3.0.11.RELEASE/thymeleaf-3.0.11.RELEASE.jar:/Users/sqbj0042/scpServiceResource/org/attoparser/attoparser/2.0.5.RELEASE/attoparser-2.0.5.RELEASE.jar:/Users/sqbj0042/scpServiceResource/org/unbescape/unbescape/1.1.6.RELEASE/unbescape-1.1.6.RELEASE.jar:/Users/sqbj0042/scpServiceResource/org/thymeleaf/extras/thymeleaf-extras-java8time/3.0.2.RELEASE/thymeleaf-extras-java8time-3.0.2.RELEASE.jar:/Users/sqbj0042/scpServiceResource/org/springframework/boot/spring-boot-starter-web/2.1.1.RELEASE/spring-boot-starter-web-2.1.1.RELEASE.jar:/Users/sqbj0042/scpServiceResource/org/springframework/boot/spring-boot-starter-json/2.1.1.RELEASE/spring-boot-starter-json-2.1.1.RELEASE.jar:/Users/sqbj0042/scpServiceResource/com/fasterxml/jackson/core/jackson-databind/2.9.7/jackson-databind-2.9.7.jar:/Users/sqbj0042/scpServiceResource/com/fasterxml/jackson/core/jackson-annotations/2.9.0/jackson-annotations-2.9.0.jar:/Users/sqbj0042/scpServiceResource/com/fasterxml/jackson/core/jackson-core/2.9.7/jackson-core-2.9.7.jar:/Users/sqbj0042/scpServiceResource/com/fasterxml/jackson/datatype/jackson-datatype-jdk8/2.9.7/jackson-datatype-jdk8-2.9.7.jar:/Users/sqbj0042/scpServiceResource/com/fasterxml/jackson/datatype/jackson-datatype-jsr310/2.9.7/jackson-datatype-jsr310-2.9.7.jar:/Users/sqbj0042/scpServiceResource/com/fasterxml/jackson/module/jackson-module-parameter-names/2.9.7/jackson-module-parameter-names-2.9.7.jar:/Users/sqbj0042/scpServiceResource/org/springframework/boot/spring-boot-starter-tomcat/2.1.1.RELEASE/spring-boot-starter-tomcat-2.1.1.RELEASE.jar:/Users/sqbj0042/scpServiceResource/org/apache/tomcat/embed/tomcat-embed-core/9.0.13/tomcat-embed-core-9.0.13.jar:/Users/sqbj0042/scpServiceResource/org/apache/tomcat/embed/tomcat-embed-el/9.0.13/tomcat-embed-el-9.0.13.jar:/Users/sqbj0042/scpServiceResource/org/apache/tomcat/embed/tomcat-embed-websocket/9.0.13/tomcat-embed-websocket-9.0.13.jar:/Users/sqbj0042/scpServiceResource/org/hibernate/validator/hibernate-validator/6.0.13.Final/hibernate-validator-6.0.13.Final.jar:/Users/sqbj0042/scpServiceResource/javax/validation/validation-api/2.0.1.Final/validation-api-2.0.1.Final.jar:/Users/sqbj0042/scpServiceResource/org/springframework/spring-web/5.1.3.RELEASE/spring-web-5.1.3.RELEASE.jar:/Users/sqbj0042/scpServiceResource/org/springframework/spring-webmvc/5.1.3.RELEASE/spring-webmvc-5.1.3.RELEASE.jar:/Users/sqbj0042/scpServiceResource/org/springframework/spring-expression/5.1.3.RELEASE/spring-expression-5.1.3.RELEASE.jar:/Users/sqbj0042/scpServiceResource/mysql/mysql-connector-java/8.0.13/mysql-connector-java-8.0.13.jar:/Users/sqbj0042/scpServiceResource/org/springframework/boot/spring-boot-starter-redis/1.3.2.RELEASE/spring-boot-starter-redis-1.3.2.RELEASE.jar:/Users/sqbj0042/scpServiceResource/org/springframework/data/spring-data-redis/2.1.3.RELEASE/spring-data-redis-2.1.3.RELEASE.jar:/Users/sqbj0042/scpServiceResource/org/springframework/data/spring-data-keyvalue/2.1.3.RELEASE/spring-data-keyvalue-2.1.3.RELEASE.jar:/Users/sqbj0042/scpServiceResource/org/springframework/spring-oxm/5.1.3.RELEASE/spring-oxm-5.1.3.RELEASE.jar:/Users/sqbj0042/scpServiceResource/org/springframework/spring-context-support/5.1.3.RELEASE/spring-context-support-5.1.3.RELEASE.jar:/Users/sqbj0042/scpServiceResource/redis/clients/jedis/2.9.0/jedis-2.9.0.jar:/Users/sqbj0042/scpServiceResource/org/apache/commons/commons-pool2/2.6.0/commons-pool2-2.6.0.jar:/Users/sqbj0042/scpServiceResource/com/querydsl/querydsl-jpa/4.2.1/querydsl-jpa-4.2.1.jar:/Users/sqbj0042/scpServiceResource/com/querydsl/querydsl-core/4.2.1/querydsl-core-4.2.1.jar:/Users/sqbj0042/scpServiceResource/com/mysema/commons/mysema-commons-lang/0.2.4/mysema-commons-lang-0.2.4.jar:/Users/sqbj0042/scpServiceResource/com/infradna/tool/bridge-method-annotation/1.13/bridge-method-annotation-1.13.jar:/Users/sqbj0042/scpServiceResource/javax/inject/javax.inject/1/javax.inject-1.jar:/Users/sqbj0042/scpServiceResource/org/slf4j/slf4j-api/1.7.25/slf4j-api-1.7.25.jar:/Users/sqbj0042/scpServiceResource/com/querydsl/querydsl-apt/4.2.1/querydsl-apt-4.2.1.jar:/Users/sqbj0042/scpServiceResource/com/querydsl/querydsl-codegen/4.2.1/querydsl-codegen-4.2.1.jar:/Users/sqbj0042/scpServiceResource/com/mysema/codegen/codegen/0.6.8/codegen-0.6.8.jar:/Users/sqbj0042/scpServiceResource/org/eclipse/jdt/core/compiler/ecj/4.3.1/ecj-4.3.1.jar:/Users/sqbj0042/scpServiceResource/org/reflections/reflections/0.9.9/reflections-0.9.9.jar:/Users/sqbj0042/scpServiceResource/com/google/code/findbugs/annotations/2.0.1/annotations-2.0.1.jar:/Users/sqbj0042/scpServiceResource/org/projectlombok/lombok/1.16.20/lombok-1.16.20.jar:/Users/sqbj0042/scpServiceResource/org/springframework/boot/spring-boot-starter-test/2.1.1.RELEASE/spring-boot-starter-test-2.1.1.RELEASE.jar:/Users/sqbj0042/scpServiceResource/org/springframework/boot/spring-boot-test/2.1.1.RELEASE/spring-boot-test-2.1.1.RELEASE.jar:/Users/sqbj0042/scpServiceResource/org/springframework/boot/spring-boot-test-autoconfigure/2.1.1.RELEASE/spring-boot-test-autoconfigure-2.1.1.RELEASE.jar:/Users/sqbj0042/scpServiceResource/com/jayway/jsonpath/json-path/2.4.0/json-path-2.4.0.jar:/Users/sqbj0042/scpServiceResource/net/minidev/json-smart/2.3/json-smart-2.3.jar:/Users/sqbj0042/scpServiceResource/net/minidev/accessors-smart/1.2/accessors-smart-1.2.jar:/Users/sqbj0042/scpServiceResource/org/ow2/asm/asm/5.0.4/asm-5.0.4.jar:/Users/sqbj0042/scpServiceResource/junit/junit/4.12/junit-4.12.jar:/Users/sqbj0042/scpServiceResource/org/assertj/assertj-core/3.11.1/assertj-core-3.11.1.jar:/Users/sqbj0042/scpServiceResource/org/mockito/mockito-core/2.23.4/mockito-core-2.23.4.jar:/Users/sqbj0042/scpServiceResource/net/bytebuddy/byte-buddy-agent/1.9.5/byte-buddy-agent-1.9.5.jar:/Users/sqbj0042/scpServiceResource/org/objenesis/objenesis/2.6/objenesis-2.6.jar:/Users/sqbj0042/scpServiceResource/org/hamcrest/hamcrest-core/1.3/hamcrest-core-1.3.jar:/Users/sqbj0042/scpServiceResource/org/hamcrest/hamcrest-library/1.3/hamcrest-library-1.3.jar:/Users/sqbj0042/scpServiceResource/org/skyscreamer/jsonassert/1.5.0/jsonassert-1.5.0.jar:/Users/sqbj0042/scpServiceResource/com/vaadin/external/google/android-json/0.0.20131108.vaadin1/android-json-0.0.20131108.vaadin1.jar:/Users/sqbj0042/scpServiceResource/org/springframework/spring-core/5.1.3.RELEASE/spring-core-5.1.3.RELEASE.jar:/Users/sqbj0042/scpServiceResource/org/springframework/spring-jcl/5.1.3.RELEASE/spring-jcl-5.1.3.RELEASE.jar:/Users/sqbj0042/scpServiceResource/org/springframework/spring-test/5.1.3.RELEASE/spring-test-5.1.3.RELEASE.jar:/Users/sqbj0042/scpServiceResource/org/xmlunit/xmlunit-core/2.6.2/xmlunit-core-2.6.2.jar:/Users/sqbj0042/scpServiceResource/commons-fileupload/commons-fileupload/1.3.1/commons-fileupload-1.3.1.jar:/Users/sqbj0042/scpServiceResource/commons-io/commons-io/2.2/commons-io-2.2.jar:/Users/sqbj0042/scpServiceResource/net/sf/dozer/dozer/5.5.1/dozer-5.5.1.jar:/Users/sqbj0042/scpServiceResource/commons-beanutils/commons-beanutils/1.9.1/commons-beanutils-1.9.1.jar:/Users/sqbj0042/scpServiceResource/commons-collections/commons-collections/3.2.1/commons-collections-3.2.1.jar:/Users/sqbj0042/scpServiceResource/org/apache/commons/commons-lang3/3.8.1/commons-lang3-3.8.1.jar:/Users/sqbj0042/scpServiceResource/org/slf4j/jcl-over-slf4j/1.7.25/jcl-over-slf4j-1.7.25.jar:/Users/sqbj0042/scpServiceResource/com/google/guava/guava/25.1-jre/guava-25.1-jre.jar:/Users/sqbj0042/scpServiceResource/com/google/code/findbugs/jsr305/3.0.2/jsr305-3.0.2.jar:/Users/sqbj0042/scpServiceResource/org/checkerframework/checker-qual/2.0.0/checker-qual-2.0.0.jar:/Users/sqbj0042/scpServiceResource/com/google/errorprone/error_prone_annotations/2.1.3/error_prone_annotations-2.1.3.jar:/Users/sqbj0042/scpServiceResource/com/google/j2objc/j2objc-annotations/1.1/j2objc-annotations-1.1.jar:/Users/sqbj0042/scpServiceResource/org/codehaus/mojo/animal-sniffer-annotations/1.14/animal-sniffer-annotations-1.14.jar:/Users/sqbj0042/scpServiceResource/org/apache/poi/poi-ooxml/3.9/poi-ooxml-3.9.jar:/Users/sqbj0042/scpServiceResource/org/apache/poi/poi/3.9/poi-3.9.jar:/Users/sqbj0042/scpServiceResource/commons-codec/commons-codec/1.11/commons-codec-1.11.jar:/Users/sqbj0042/scpServiceResource/org/apache/poi/poi-ooxml-schemas/3.9/poi-ooxml-schemas-3.9.jar:/Users/sqbj0042/scpServiceResource/org/apache/xmlbeans/xmlbeans/2.3.0/xmlbeans-2.3.0.jar:/Users/sqbj0042/scpServiceResource/stax/stax-api/1.0.1/stax-api-1.0.1.jar:/Users/sqbj0042/scpServiceResource/dom4j/dom4j/1.6.1/dom4j-1.6.1.jar:/Users/sqbj0042/scpServiceResource/xml-apis/xml-apis/1.4.01/xml-apis-1.4.01.jar:/Users/sqbj0042/scpServiceResource/com/alibaba/fastjson/1.2.13/fastjson-1.2.13.jar:/Users/sqbj0042/scpServiceResource/com/itextpdf/itextpdf/5.5.13/itextpdf-5.5.13.jar:/Users/sqbj0042/scpServiceResource/com/itextpdf/itext-asian/5.2.0/itext-asian-5.2.0.jar:"/>
    <property name="sun.cpu.endian" value="little"/>
    <property name="user.home" value="/Users/sqbj0042"/>
    <property name="user.language" value="zh"/>
    <property name="java.specification.vendor" value="Oracle Corporation"/>
    <property name="java.home" value="/Library/Java/JavaVirtualMachines/jdk1.8.0_171.jdk/Contents/Home/jre"/>
    <property name="basedir" value="/Users/sqbj0042/school-system/project"/>
    <property name="file.separator" value="/"/>
    <property name="line.separator" value="&#10;"/>
    <property name="java.vm.specification.vendor" value="Oracle Corporation"/>
    <property name="java.specification.name" value="Java Platform API Specification"/>
    <property name="java.awt.graphicsenv" value="sun.awt.CGraphicsEnvironment"/>
    <property name="surefire.real.class.path" value="/Users/sqbj0042/school-system/project/target/surefire/surefirebooter2678956902856658676.jar"/>
    <property name="sun.boot.class.path" value="/Library/Java/JavaVirtualMachines/jdk1.8.0_171.jdk/Contents/Home/jre/lib/resources.jar:/Library/Java/JavaVirtualMachines/jdk1.8.0_171.jdk/Contents/Home/jre/lib/rt.jar:/Library/Java/JavaVirtualMachines/jdk1.8.0_171.jdk/Contents/Home/jre/lib/sunrsasign.jar:/Library/Java/JavaVirtualMachines/jdk1.8.0_171.jdk/Contents/Home/jre/lib/jsse.jar:/Library/Java/JavaVirtualMachines/jdk1.8.0_171.jdk/Contents/Home/jre/lib/jce.jar:/Library/Java/JavaVirtualMachines/jdk1.8.0_171.jdk/Contents/Home/jre/lib/charsets.jar:/Library/Java/JavaVirtualMachines/jdk1.8.0_171.jdk/Contents/Home/jre/lib/jfr.jar:/Library/Java/JavaVirtualMachines/jdk1.8.0_171.jdk/Contents/Home/jre/classes"/>
    <property name="sun.management.compiler" value="HotSpot 64-Bit Tiered Compilers"/>
    <property name="ftp.nonProxyHosts" value="local|*.local|169.254/16|*.169.254/16"/>
    <property name="java.runtime.version" value="1.8.0_171-b11"/>
    <property name="user.name" value="sqbj0042"/>
    <property name="path.separator" value=":"/>
    <property name="os.version" value="10.14.2"/>
    <property name="java.endorsed.dirs" value="/Library/Java/JavaVirtualMachines/jdk1.8.0_171.jdk/Contents/Home/jre/lib/endorsed"/>
    <property name="java.runtime.name" value="Java(TM) SE Runtime Environment"/>
    <property name="file.encoding" value="UTF-8"/>
    <property name="java.vm.name" value="Java HotSpot(TM) 64-Bit Server VM"/>
    <property name="localRepository" value="/Users/sqbj0042/scpServiceResource"/>
    <property name="java.vendor.url.bug" value="http://bugreport.sun.com/bugreport/"/>
    <property name="java.io.tmpdir" value="/var/folders/np/w30t8x194tl8vhz6dg4lcfcr0000gp/T/"/>
    <property name="idea.version" value="2018.2.5"/>
    <property name="java.version" value="1.8.0_171"/>
    <property name="user.dir" value="/Users/sqbj0042/school-system/project"/>
    <property name="os.arch" value="x86_64"/>
    <property name="java.vm.specification.name" value="Java Virtual Machine Specification"/>
    <property name="java.awt.printerjob" value="sun.lwawt.macosx.CPrinterJob"/>
    <property name="sun.os.patch.level" value="unknown"/>
    <property name="java.library.path" value="/Users/sqbj0042/Library/Java/Extensions:/Library/Java/Extensions:/Network/Library/Java/Extensions:/System/Library/Java/Extensions:/usr/lib/java:."/>
    <property name="java.vm.info" value="mixed mode"/>
    <property name="java.vendor" value="Oracle Corporation"/>
    <property name="java.vm.version" value="25.171-b11"/>
    <property name="java.ext.dirs" value="/Users/sqbj0042/Library/Java/Extensions:/Library/Java/JavaVirtualMachines/jdk1.8.0_171.jdk/Contents/Home/jre/lib/ext:/Library/Java/Extensions:/Network/Library/Java/Extensions:/System/Library/Java/Extensions:/usr/lib/java"/>
    <property name="sun.io.unicode.encoding" value="UnicodeBig"/>
    <property name="java.class.version" value="52.0"/>
    <property name="socksNonProxyHosts" value="local|*.local|169.254/16|*.169.254/16"/>
  </properties>
  <testcase name="contextLoads" classname="com.spring.bohbohman.ApplicationTests" time="0.252"/>
</testsuite>